<?xml version="1.0" encoding="UTF-8"?>
<!-- Generated by org.testng.reporters.JUnitReportReporter -->
<testsuite hostname="LAPTOP-8PAA0CNP" failures="0" tests="2" name="TestNG.Demo_Priority" time="0.019" errors="0" timestamp="2021-05-21T21:12:35 IST" skipped="0">
  <testcase classname="TestNG.Demo_Priority" name="testB" time="0.017"/>
  <system-out>
    <![CDATA[test B method]]>
  </system-out>
  <testcase classname="TestNG.Demo_Priority" name="testA" time="0.002"/>
  <system-out>
    <![CDATA[test A method]]>
  </system-out>
</testsuite> <!-- TestNG.Demo_Priority -->
