<?xml version="1.0" encoding="UTF-8"?>
<!-- Generated by org.testng.reporters.JUnitReportReporter -->
<testsuite hostname="LAPTOP-8PAA0CNP" failures="0" tests="2" name="TestNG.DemoA" time="0.020" errors="0" timestamp="2021-05-21T21:01:38 IST" skipped="0">
  <testcase classname="TestNG.DemoA" name="testA" time="0.018"/>
  <system-out>
    <![CDATA[test A method]]>
  </system-out>
  <testcase classname="TestNG.DemoA" name="testB" time="0.002"/>
  <system-out>
    <![CDATA[test B method]]>
  </system-out>
</testsuite> <!-- TestNG.DemoA -->
