<?xml version="1.0" encoding="UTF-8"?>
<!-- Generated by org.testng.reporters.JUnitReportReporter -->
<testsuite hostname="LAPTOP-8PAA0CNP" failures="0" tests="2" name="TestNG.Demo1_Group_Sample" time="0.024" errors="0" timestamp="2021-05-24T10:07:42 IST" skipped="0">
  <testcase classname="TestNG.Demo1_Group_Sample" name="editUser" time="0.020"/>
  <system-out>
    <![CDATA[user is edited]]>
  </system-out>
  <testcase classname="TestNG.Demo1_Group_Sample" name="deleteUser" time="0.004"/>
  <system-out>
    <![CDATA[user is deleted]]>
  </system-out>
</testsuite> <!-- TestNG.Demo1_Group_Sample -->
