<?xml version="1.0" encoding="UTF-8"?>
<!-- Generated by org.testng.reporters.JUnitReportReporter -->
<testsuite hostname="LAPTOP-8PAA0CNP" failures="0" tests="2" name="TestNG.Demo2_Group_Sample" time="0.006" errors="0" timestamp="2021-05-24T10:07:42 IST" skipped="0">
  <testcase classname="TestNG.Demo2_Group_Sample" name="editTask" time="0.003"/>
  <system-out>
    <![CDATA[task is edited]]>
  </system-out>
  <testcase classname="TestNG.Demo2_Group_Sample" name="deleteTask" time="0.003"/>
  <system-out>
    <![CDATA[task is deleted]]>
  </system-out>
</testsuite> <!-- TestNG.Demo2_Group_Sample -->
