<?xml version="1.0" encoding="UTF-8"?>
<!-- Generated by org.testng.reporters.JUnitReportReporter -->
<testsuite hostname="LAPTOP-8PAA0CNP" failures="0" tests="2" name="TestNG.Demo1" time="0.022" errors="0" timestamp="2021-05-21T21:33:22 IST" skipped="0">
  <testcase classname="TestNG.Demo1" name="testB" time="0.017"/>
  <system-out>
    <![CDATA[test B----]]>
  </system-out>
  <testcase classname="TestNG.Demo1" name="testA" time="0.005"/>
  <system-out>
    <![CDATA[test A----]]>
  </system-out>
</testsuite> <!-- TestNG.Demo1 -->
